<?xml version="1.0" encoding="UTF-8"?>
<!-- Generated by org.testng.reporters.JUnitReportReporter -->
<testsuite hostname="LTIN192708" failures="0" tests="4" name="testCases.TC001_BookShelves" time="26.435" errors="0" timestamp="2024-02-29T14:14:43 IST" skipped="0">
  <testcase classname="testCases.TC001_BookShelves" name="HandlePopup" time="24.835"/>
  <system-out/>
  <testcase classname="testCases.TC001_BookShelves" name="SelectFilters" time="0.940"/>
  <system-out/>
  <testcase classname="testCases.TC001_BookShelves" name="pricePriority" time="0.308"/>
  <system-out/>
  <testcase classname="testCases.TC001_BookShelves" name="prntProductDetails" time="0.352"/>
  <system-out/>
</testsuite> <!-- testCases.TC001_BookShelves -->
