<?xml version="1.0" encoding="UTF-8"?>
<!-- Generated by org.testng.reporters.JUnitReportReporter -->
<testsuite hostname="LTIN192708" failures="0" tests="5" name="testCases.TC003_GiftCards" time="48.853" errors="0" timestamp="2024-02-29T14:14:43 IST" skipped="0">
  <testcase classname="testCases.TC003_GiftCards" name="chooseGiftCard" time="32.907"/>
  <system-out/>
  <testcase classname="testCases.TC003_GiftCards" name="enterAmount" time="0.287"/>
  <system-out/>
  <testcase classname="testCases.TC003_GiftCards" name="formDetails" time="7.456"/>
  <system-out/>
  <testcase classname="testCases.TC003_GiftCards" name="printErrorMs" time="0.360"/>
  <system-out/>
  <testcase classname="testCases.TC003_GiftCards" name="enterValidDetails" time="7.843"/>
  <system-out/>
</testsuite> <!-- testCases.TC003_GiftCards -->
