<?xml version="1.0" encoding="UTF-8"?>
<!-- Generated by org.testng.reporters.JUnitReportReporter -->
<testsuite hostname="LTIN192708" failures="0" tests="4" name="testCases.TC001_BookShelves" time="34.953" errors="0" timestamp="2024-02-29T15:03:55 IST" skipped="0">
  <testcase classname="testCases.TC001_BookShelves" name="HandlePopup" time="32.352"/>
  <testcase classname="testCases.TC001_BookShelves" name="SelectFilters" time="1.056"/>
  <testcase classname="testCases.TC001_BookShelves" name="pricePriority" time="0.285"/>
  <testcase classname="testCases.TC001_BookShelves" name="prntProductDetails" time="1.260"/>
</testsuite> <!-- testCases.TC001_BookShelves -->
