<?xml version="1.0" encoding="UTF-8"?>
<!-- Generated by org.testng.reporters.JUnitReportReporter -->
<testsuite hostname="LTIN192708" failures="0" tests="5" name="testCases.TC003_GiftCards" time="25.947" errors="0" timestamp="2024-02-29T15:03:55 IST" skipped="0">
  <testcase classname="testCases.TC003_GiftCards" name="chooseGiftCard" time="10.338"/>
  <testcase classname="testCases.TC003_GiftCards" name="enterAmount" time="0.299"/>
  <testcase classname="testCases.TC003_GiftCards" name="formDetails" time="7.306"/>
  <testcase classname="testCases.TC003_GiftCards" name="printErrorMs" time="0.101"/>
  <testcase classname="testCases.TC003_GiftCards" name="enterValidDetails" time="7.903"/>
</testsuite> <!-- testCases.TC003_GiftCards -->
