<?xml version="1.0" encoding="UTF-8"?>
<!-- Generated by org.testng.reporters.JUnitReportReporter -->
<testsuite hostname="LTIN192708" failures="0" tests="2" name="testCases.TC002_Living" time="1.770" errors="0" timestamp="2024-02-29T15:03:55 IST" skipped="0">
  <testcase classname="testCases.TC002_Living" name="viewLiving" time="0.166"/>
  <testcase classname="testCases.TC002_Living" name="prntSubmenu" time="1.604"/>
</testsuite> <!-- testCases.TC002_Living -->
